{"level":"info","message":"GET /","timestamp":"2023-06-29T22:46:24.168Z"}
{"level":"info","message":"GET /api/loggertest","timestamp":"2023-06-29T22:46:36.135Z"}
{"level":"info","message":"Testing - Info","timestamp":"2023-06-29T22:46:36.136Z"}
{"level":"warning","message":"Testing - Warning","timestamp":"2023-06-29T22:46:36.137Z"}
{"level":"debug","message":"Testing - Debug","timestamp":"2023-06-29T22:46:36.137Z"}
{"level":"error","message":"Testing - Error","timestamp":"2023-06-29T22:46:36.137Z"}

{"level":"info","message":"GET /api/login","timestamp":"2023-06-30T02:34:44.958Z"}
{"level":"info","message":"POST /api/login","timestamp":"2023-06-30T02:34:49.256Z"}
{"level":"info","message":"GET /api/login/faillogin","timestamp":"2023-06-30T02:34:49.982Z"}
{"level":"error","message":"Error al iniciar sesion","timestamp":"2023-06-30T02:34:49.983Z"}

{"level":"info","message":"POST /api/login","timestamp":"2023-06-30T02:35:11.800Z"}
{"_id":"64963911d881bb766bb34122","cartId":"64963910d881bb766bb34120","email":"asd@hotmail.com","first_name":"asd","last_name":"asd","level":"info","message":"sesion iniciada","role":"usuario","timestamp":"2023-06-30T02:35:12.726Z"}
{"level":"info","message":"GET /api/dbProducts?limit=9","timestamp":"2023-06-30T02:35:15.064Z"}
{"level":"info","message":"GET /api/register","timestamp":"2023-06-30T02:38:46.725Z"}
{"level":"info","message":"POST /api/register","timestamp":"2023-06-30T02:38:52.028Z"}
{"level":"info","message":"GET /api/register/failregister","timestamp":"2023-06-30T02:38:52.576Z"}
{"level":"error","message":"El mail no esta disponible","timestamp":"2023-06-30T02:38:52.577Z"}
{"level":"info","message":"POST /api/register","timestamp":"2023-06-30T02:40:33.522Z"}
{"level":"info","message":"GET /api/login","timestamp":"2023-06-30T02:40:37.339Z"}
{"level":"info","message":"GET /api/login","timestamp":"2023-07-09T01:19:34.150Z"}
{"level":"info","message":"GET /favicon.ico","timestamp":"2023-07-09T01:19:34.422Z"}
{"level":"info","message":"POST /api/login","timestamp":"2023-07-09T01:19:38.836Z"}
{"level":"info","message":"GET /api/login/faillogin","timestamp":"2023-07-09T01:19:39.157Z"}
{"level":"error","message":"Error al iniciar sesion","timestamp":"2023-07-09T01:19:39.157Z"}
{"level":"info","message":"GET /api/login/github","timestamp":"2023-07-09T01:19:42.792Z"}
{"level":"info","message":"GET /auth/githubcallback?error=redirect_uri_mismatch&error_description=The+redirect_uri+MUST+match+the+registered+callback+URL+for+this+application.&error_uri=https%3A%2F%2Fdocs.github.com%2Fapps%2Fmanaging-oauth-apps%2Ftroubleshooting-authorization-request-errors%2F%23redirect-uri-mismatch","timestamp":"2023-07-09T01:19:43.298Z"}
{"level":"info","message":"GET /api/login/github","timestamp":"2023-07-09T01:19:47.278Z"}
{"level":"info","message":"GET /auth/githubcallback?error=redirect_uri_mismatch&error_description=The+redirect_uri+MUST+match+the+registered+callback+URL+for+this+application.&error_uri=https%3A%2F%2Fdocs.github.com%2Fapps%2Fmanaging-oauth-apps%2Ftroubleshooting-authorization-request-errors%2F%23redirect-uri-mismatch","timestamp":"2023-07-09T01:19:47.520Z"}
{"level":"info","message":"GET /api/register","timestamp":"2023-07-09T01:20:02.111Z"}
{"level":"info","message":"GET /api/login/github","timestamp":"2023-07-09T01:20:05.431Z"}
{"level":"info","message":"GET /auth/githubcallback?error=redirect_uri_mismatch&error_description=The+redirect_uri+MUST+match+the+registered+callback+URL+for+this+application.&error_uri=https%3A%2F%2Fdocs.github.com%2Fapps%2Fmanaging-oauth-apps%2Ftroubleshooting-authorization-request-errors%2F%23redirect-uri-mismatch","timestamp":"2023-07-09T01:20:05.673Z"}
{"level":"info","message":"GET /","timestamp":"2023-07-10T00:28:28.056Z"}
{"level":"info","message":"GET /api/login","timestamp":"2023-07-10T00:28:39.234Z"}
{"level":"info","message":"GET /favicon.ico","timestamp":"2023-07-10T00:28:39.698Z"}
{"level":"info","message":"GET /api/","timestamp":"2023-07-10T00:28:45.406Z"}
{"level":"info","message":"GET /api/login","timestamp":"2023-07-10T00:28:51.347Z"}
{"level":"info","message":"GET /api/login/github","timestamp":"2023-07-10T00:28:55.382Z"}
{"level":"info","message":"GET /auth/githubcallback?error=redirect_uri_mismatch&error_description=The+redirect_uri+MUST+match+the+registered+callback+URL+for+this+application.&error_uri=https%3A%2F%2Fdocs.github.com%2Fapps%2Fmanaging-oauth-apps%2Ftroubleshooting-authorization-request-errors%2F%23redirect-uri-mismatch","timestamp":"2023-07-10T00:28:55.773Z"}
{"level":"info","message":"GET /api/login","timestamp":"2023-07-10T00:42:57.345Z"}
{"level":"info","message":"GET /api/login/github","timestamp":"2023-07-10T00:42:59.320Z"}
{"level":"info","message":"GET /api/login/githubcallback?code=7425d8976e9c86c4ff38","timestamp":"2023-07-10T00:42:59.664Z"}
{"level":"info","message":"GET /api/dbProducts?limit=9","timestamp":"2023-07-10T00:43:06.199Z"}
{"level":"info","message":"GET /api/dbProducts?limit=9","timestamp":"2023-07-10T00:46:16.665Z"}
{"level":"info","message":"GET /api/login","timestamp":"2023-07-10T00:46:16.926Z"}
{"level":"info","message":"GET /api/login","timestamp":"2023-07-10T00:46:20.030Z"}
{"level":"info","message":"POST /api/login","timestamp":"2023-07-10T00:46:29.225Z"}
{"level":"info","message":"GET /api/login/faillogin","timestamp":"2023-07-10T00:46:29.762Z"}
{"level":"error","message":"Error al iniciar sesion","timestamp":"2023-07-10T00:46:29.763Z"}
{"level":"info","message":"POST /api/login","timestamp":"2023-07-10T00:46:32.705Z"}
{"level":"info","message":"GET /api/login/faillogin","timestamp":"2023-07-10T00:46:33.214Z"}
{"level":"error","message":"Error al iniciar sesion","timestamp":"2023-07-10T00:46:33.215Z"}
{"level":"info","message":"POST /api/login","timestamp":"2023-07-10T00:46:41.962Z"}
{"_id":"64963911d881bb766bb34122","cartId":"64963910d881bb766bb34120","email":"asd@hotmail.com","first_name":"asd","last_name":"asd","level":"info","message":"sesion iniciada","role":"usuario","timestamp":"2023-07-10T00:46:42.844Z"}
{"level":"info","message":"GET /api/dbProducts?limit=9","timestamp":"2023-07-10T00:46:45.166Z"}
{"level":"info","message":"GET /api/dbProducts?limit=9","timestamp":"2023-07-10T00:46:55.165Z"}
{"level":"info","message":"GET /api/login/logout?","timestamp":"2023-07-10T00:46:58.799Z"}
{"level":"info","message":"GET /api/login","timestamp":"2023-07-10T00:46:59.566Z"}
{"level":"info","message":"GET /api/login/github","timestamp":"2023-07-10T00:47:02.186Z"}
{"level":"info","message":"GET /api/login/githubcallback?code=533545a6e3e96d9abb92","timestamp":"2023-07-10T00:47:02.766Z"}
{"level":"info","message":"GET /api/dbProducts?limit=9","timestamp":"2023-07-10T00:47:04.755Z"}
{"level":"info","message":"GET /api/login/logout?","timestamp":"2023-07-10T00:47:08.373Z"}
{"level":"info","message":"GET /api/login","timestamp":"2023-07-10T00:47:09.155Z"}
{"level":"info","message":"GET /api/login/github","timestamp":"2023-07-10T00:47:50.086Z"}
{"level":"info","message":"GET /api/login/githubcallback?code=34928ff187bcc648b0cc","timestamp":"2023-07-10T00:47:50.639Z"}
{"level":"info","message":"GET /api/dbProducts?limit=9","timestamp":"2023-07-10T00:47:52.486Z"}
{"level":"info","message":"GET /api/dbProducts?limit=9","timestamp":"2023-07-10T00:47:56.611Z"}
{"level":"info","message":"GET /api/login/logout?","timestamp":"2023-07-10T00:48:00.598Z"}
{"level":"info","message":"GET /api/login","timestamp":"2023-07-10T00:48:01.373Z"}
{"level":"info","message":"GET /api/login","timestamp":"2023-07-10T00:51:33.532Z"}
{"level":"info","message":"GET /api/login/github","timestamp":"2023-07-10T00:51:37.468Z"}
{"level":"info","message":"GET /api/login/githubcallback?code=dfcd62205387ef578eec","timestamp":"2023-07-10T00:51:42.832Z"}
{"level":"info","message":"GET /api/dbProducts?limit=9","timestamp":"2023-07-10T00:51:48.718Z"}
{"level":"info","message":"GET /api/login/logout?","timestamp":"2023-07-10T00:51:54.926Z"}
{"level":"info","message":"GET /api/login","timestamp":"2023-07-10T00:51:55.702Z"}
{"level":"info","message":"POST /api/login","timestamp":"2023-07-10T01:01:07.276Z"}
{"_id":"64963911d881bb766bb34122","cartId":"64963910d881bb766bb34120","email":"asd@hotmail.com","first_name":"asd","last_name":"asd","level":"info","message":"sesion iniciada","role":"usuario","timestamp":"2023-07-10T01:01:09.417Z"}
{"level":"info","message":"GET /api/dbProducts?limit=9","timestamp":"2023-07-10T01:01:11.780Z"}
{"level":"info","message":"GET /api/dbCarts/64963910d881bb766bb34120?","timestamp":"2023-07-10T01:01:26.665Z"}
{"level":"info","message":"GET /api/dbProducts?","timestamp":"2023-07-10T01:01:31.339Z"}
{"level":"info","message":"GET /api/dbCarts/64963910d881bb766bb34120?","timestamp":"2023-07-10T01:01:38.724Z"}
{"level":"info","message":"GET /api/dbCarts/64963910d881bb766bb34120/purchase","timestamp":"2023-07-10T01:01:42.983Z"}
{"level":"info","message":"GET /api/dbProducts?","timestamp":"2023-07-10T01:02:03.211Z"}
{"level":"info","message":"GET /api/login","timestamp":"2023-07-10T01:02:03.476Z"}
{"level":"info","message":"GET /api/login","timestamp":"2023-07-11T20:06:49.437Z"}
{"level":"info","message":"GET /favicon.ico","timestamp":"2023-07-11T20:06:50.229Z"}
{"level":"info","message":"GET /api/login","timestamp":"2023-07-11T20:07:39.228Z"}
{"level":"info","message":"GET /api/login","timestamp":"2023-07-11T20:07:49.511Z"}
{"level":"info","message":"GET /api/login","timestamp":"2023-07-11T20:08:06.698Z"}
{"level":"info","message":"GET /api/login","timestamp":"2023-07-12T00:38:46.635Z"}
{"level":"info","message":"GET /api/login/forgot-password","timestamp":"2023-07-12T00:38:48.635Z"}
{"level":"info","message":"GET /api/login","timestamp":"2023-07-12T03:24:10.123Z"}
{"level":"info","message":"GET /api/login/forgot-password","timestamp":"2023-07-12T03:24:12.682Z"}
{"level":"info","message":"GET /api/login/forgot-password","timestamp":"2023-07-12T04:08:12.602Z"}
{"level":"info","message":"GET /api/login/forgot-password","timestamp":"2023-07-12T04:08:29.888Z"}
{"level":"info","message":"GET /api/login","timestamp":"2023-07-12T04:08:40.029Z"}
{"level":"info","message":"POST /api/login","timestamp":"2023-07-12T04:08:44.093Z"}
{"_id":"64963911d881bb766bb34122","cartId":"64963910d881bb766bb34120","email":"asd@hotmail.com","first_name":"asd","last_name":"asd","level":"info","message":"sesion iniciada","role":"usuario","timestamp":"2023-07-12T04:08:45.054Z"}
{"level":"info","message":"GET /api/dbProducts?limit=9","timestamp":"2023-07-12T04:08:47.405Z"}
{"allowProtoMethodsByDefault":true,"allowProtoPropertiesByDefault":true,"cartId":"64963910d881bb766bb34120","cartQuantity":0,"hasNextPage":false,"hasPrevPage":false,"level":"debug","message":"Productos encontrados:  Bienvenido usuario asd asd!","nextLink":null,"nextPage":null,"page":1,"prevLink":null,"prevPage":null,"products":[],"timestamp":"2023-07-12T04:08:48.415Z","title":"Lista de Productos","totalPages":1}
{"allowProtoMethodsByDefault":true,"allowProtoPropertiesByDefault":true,"cartId":"64963910d881bb766bb34120","cartQuantity":0,"hasNextPage":false,"hasPrevPage":false,"level":"info","message":"Productos agregados con exito Bienvenido usuario asd asd!","nextLink":null,"nextPage":null,"page":1,"prevLink":null,"prevPage":null,"products":[],"timestamp":"2023-07-12T04:08:48.416Z","title":"Lista de Productos","totalPages":1}
{"level":"info","message":"GET /api/login/logout?","timestamp":"2023-07-12T04:08:50.397Z"}
{"level":"info","message":"GET /api/login","timestamp":"2023-07-12T04:08:51.161Z"}
{"level":"info","message":"GET /api/login/forgot-password","timestamp":"2023-07-12T04:08:53.914Z"}
{"level":"info","message":"POST /api/login","timestamp":"2023-07-28T01:24:26.048Z"}
{"level":"info","message":"POST /api/login","timestamp":"2023-07-28T01:25:47.815Z"}
{"level":"info","message":"POST /api/login","timestamp":"2023-07-28T01:28:49.176Z"}
{"level":"info","message":"POST /api/login","timestamp":"2023-07-28T01:35:24.517Z"}
{"level":"info","message":"POST /api/login","timestamp":"2023-07-28T01:39:35.124Z"}
{"level":"info","message":"POST /api/login","timestamp":"2023-07-28T01:44:39.742Z"}
{"level":"info","message":"GET /api/login","timestamp":"2023-07-28T02:02:00.436Z"}
{"level":"info","message":"GET /api/login","timestamp":"2023-07-28T02:04:33.176Z"}
{"level":"info","message":"GET /api/login","timestamp":"2023-07-28T02:06:18.948Z"}
{"level":"info","message":"POST /api/login","timestamp":"2023-07-28T02:06:40.209Z"}
{"level":"info","message":"POST /api/login","timestamp":"2023-07-28T02:14:55.674Z"}
{"level":"info","message":"POST /api/login","timestamp":"2023-07-28T02:21:24.667Z"}
{"level":"info","message":"GET /","timestamp":"2023-07-28T02:24:55.349Z"}
{"level":"info","message":"GET /api/login","timestamp":"2023-07-28T02:24:58.878Z"}
{"level":"info","message":"GET /favicon.ico","timestamp":"2023-07-28T02:24:59.403Z"}
{"level":"info","message":"POST /api/login","timestamp":"2023-07-28T02:25:04.018Z"}
{"_id":"64963911d881bb766bb34122","cartId":"64963910d881bb766bb34120","email":"asd@hotmail.com","first_name":"asd","last_name":"asd","level":"info","message":"sesion iniciada","role":"usuario","timestamp":"2023-07-28T02:25:05.399Z"}
{"level":"info","message":"GET /api/dbProducts?limit=9","timestamp":"2023-07-28T02:25:07.689Z"}
{"allowProtoMethodsByDefault":true,"allowProtoPropertiesByDefault":true,"cartId":"64963910d881bb766bb34120","cartQuantity":0,"hasNextPage":false,"hasPrevPage":false,"level":"debug","message":"Productos encontrados:  Bienvenido usuario asd asd!","nextLink":null,"nextPage":null,"page":1,"prevLink":null,"prevPage":null,"products":[],"timestamp":"2023-07-28T02:25:08.664Z","title":"Lista de Productos","totalPages":1}
{"allowProtoMethodsByDefault":true,"allowProtoPropertiesByDefault":true,"cartId":"64963910d881bb766bb34120","cartQuantity":0,"hasNextPage":false,"hasPrevPage":false,"level":"info","message":"Productos agregados con exito Bienvenido usuario asd asd!","nextLink":null,"nextPage":null,"page":1,"prevLink":null,"prevPage":null,"products":[],"timestamp":"2023-07-28T02:25:08.665Z","title":"Lista de Productos","totalPages":1}
{"level":"info","message":"POST /api/login","timestamp":"2023-07-28T02:25:24.695Z"}
{"level":"info","message":"POST /api/login","timestamp":"2023-07-28T02:30:59.200Z"}
{"level":"info","message":"POST /api/login","timestamp":"2023-07-28T02:31:24.811Z"}
{"level":"info","message":"POST /api/login","timestamp":"2023-07-28T02:35:53.125Z"}
{"level":"info","message":"POST /api/login","timestamp":"2023-07-28T02:45:20.107Z"}
{"level":"info","message":"POST /api/login","timestamp":"2023-07-28T02:46:09.805Z"}
{"level":"info","message":"POST /api/login","timestamp":"2023-07-28T02:52:08.587Z"}
{"level":"info","message":"POST /api/login","timestamp":"2023-07-28T02:52:57.767Z"}
{"level":"info","message":"POST /api/login","timestamp":"2023-07-28T02:53:26.029Z"}
{"level":"info","message":"POST /api/login","timestamp":"2023-07-28T02:55:48.613Z"}
{"level":"info","message":"POST /api/login","timestamp":"2023-07-28T02:59:29.922Z"}
{"level":"info","message":"POST /api/login","timestamp":"2023-07-28T03:03:25.013Z"}
{"level":"info","message":"GET /api/messages?","timestamp":"2023-07-28T03:07:45.248Z"}
{"level":"info","message":"GET /api/login/logout?","timestamp":"2023-07-28T03:07:48.319Z"}
{"level":"info","message":"GET /api/login","timestamp":"2023-07-28T03:07:48.830Z"}
{"level":"info","message":"POST /api/login","timestamp":"2023-07-28T03:07:52.455Z"}
{"_id":"64963911d881bb766bb34122","cartId":"64963910d881bb766bb34120","email":"asd@hotmail.com","first_name":"asd","last_name":"asd","level":"info","message":"sesion iniciada","role":"usuario","timestamp":"2023-07-28T03:07:53.371Z"}
{"level":"info","message":"GET /api/dbProducts?limit=9","timestamp":"2023-07-28T03:07:55.698Z"}
{"allowProtoMethodsByDefault":true,"allowProtoPropertiesByDefault":true,"cartId":"64963910d881bb766bb34120","cartQuantity":0,"hasNextPage":false,"hasPrevPage":false,"level":"debug","message":"Productos encontrados:  Bienvenido usuario asd asd!","nextLink":null,"nextPage":null,"page":1,"prevLink":null,"prevPage":null,"products":[],"timestamp":"2023-07-28T03:07:56.692Z","title":"Lista de Productos","totalPages":1}
{"allowProtoMethodsByDefault":true,"allowProtoPropertiesByDefault":true,"cartId":"64963910d881bb766bb34120","cartQuantity":0,"hasNextPage":false,"hasPrevPage":false,"level":"info","message":"Productos agregados con exito Bienvenido usuario asd asd!","nextLink":null,"nextPage":null,"page":1,"prevLink":null,"prevPage":null,"products":[],"timestamp":"2023-07-28T03:07:56.693Z","title":"Lista de Productos","totalPages":1}
{"level":"info","message":"GET /api/login/logout?","timestamp":"2023-07-28T03:08:27.073Z"}
{"level":"info","message":"GET /api/login","timestamp":"2023-07-28T03:08:27.574Z"}
{"level":"info","message":"GET /api/login","timestamp":"2023-07-28T03:08:35.753Z"}
{"level":"info","message":"GET /api/login","timestamp":"2023-07-28T03:08:54.109Z"}
{"level":"info","message":"GET /api/login","timestamp":"2023-07-28T03:08:54.936Z"}
{"level":"info","message":"GET /api/register","timestamp":"2023-07-28T03:09:00.874Z"}
{"level":"info","message":"POST /api/register","timestamp":"2023-07-28T03:09:07.711Z"}
{"$__":{"$versionError":null,"activePaths":{"paths":{},"states":{"default":{},"modify":{}}},"backup":{"activePaths":{"default":{"_id":true},"modify":{"age":true,"cartId":true,"email":true,"first_name":true,"last_name":true,"password":true,"role":true}},"validationError":null},"cachedRequired":{},"inserting":true,"op":null,"saveOptions":null,"savedState":{},"saving":null,"validating":null},"$isNew":false,"_doc":{"__v":0,"_id":"64c33154a2d6559b5b18bf2b","cartId":"64c33154a2d6559b5b18bf29","email":"asdxad@hotmail.com","first_name":"a","last_name":"a","password":"$2b$10$ZgQVBv4oEQ/td.F2iVRkHu3m1jAt0RLkOKel0.iWuRaGiq.7mYfUm","role":"usuario"},"level":"info","message":"Se registro un nuevo usuario","timestamp":"2023-07-28T03:09:09.084Z"}
{"level":"info","message":"GET /api/login","timestamp":"2023-07-28T03:09:11.413Z"}
{"level":"info","message":"POST /api/login","timestamp":"2023-07-28T03:10:47.097Z"}
{"level":"info","message":"POST /api/login","timestamp":"2023-07-30T16:44:03.555Z"}
{"level":"info","message":"POST /api/login","timestamp":"2023-07-30T16:48:57.301Z"}
{"level":"info","message":"POST /api/login","timestamp":"2023-07-30T16:50:28.552Z"}
{"level":"info","message":"GET /","timestamp":"2023-07-30T16:50:57.102Z"}
{"level":"info","message":"GET /api/login","timestamp":"2023-07-30T16:51:04.603Z"}
{"level":"info","message":"GET /favicon.ico","timestamp":"2023-07-30T16:51:04.769Z"}
{"level":"info","message":"GET /api/register","timestamp":"2023-07-30T16:51:06.152Z"}
{"level":"info","message":"POST /api/register","timestamp":"2023-07-30T16:53:57.626Z"}
{"$__":{"$versionError":null,"activePaths":{"paths":{},"states":{"default":{},"modify":{}}},"backup":{"activePaths":{"default":{"_id":true},"modify":{"age":true,"cartId":true,"email":true,"first_name":true,"last_name":true,"password":true,"role":true}},"validationError":null},"cachedRequired":{},"inserting":true,"op":null,"saveOptions":null,"savedState":{},"saving":null,"validating":null},"$isNew":false,"_doc":{"__v":0,"_id":"64c695a6bd82a7d1c578f4cf","cartId":"64c695a6bd82a7d1c578f4cd","email":"tester@hotmail.com","first_name":"tester","last_name":"tester","password":"$2b$10$oP3.WiHyuwUneqHzWTSjzuvu2OZ0qeh2RrOpXnwDs9KOjRyJvU2Mi","role":"usuario"},"level":"info","message":"Se registro un nuevo usuario","timestamp":"2023-07-30T16:53:59.032Z"}
{"level":"info","message":"GET /api/login","timestamp":"2023-07-30T16:54:01.363Z"}
{"level":"info","message":"POST /api/login","timestamp":"2023-07-30T16:54:06.298Z"}
{"_id":"64c695a6bd82a7d1c578f4cf","cartId":"64c695a6bd82a7d1c578f4cd","email":"tester@hotmail.com","first_name":"tester","last_name":"tester","level":"info","message":"sesion iniciada","role":"usuario","timestamp":"2023-07-30T16:54:07.377Z"}
{"level":"info","message":"GET /api/dbProducts?limit=9","timestamp":"2023-07-30T16:54:09.686Z"}
{"allowProtoMethodsByDefault":true,"allowProtoPropertiesByDefault":true,"cartId":"64c695a6bd82a7d1c578f4cd","cartQuantity":0,"hasNextPage":false,"hasPrevPage":false,"level":"debug","message":"Productos encontrados:  Bienvenido usuario tester tester!","nextLink":null,"nextPage":null,"page":1,"prevLink":null,"prevPage":null,"products":[],"timestamp":"2023-07-30T16:54:10.672Z","title":"Lista de Productos","totalPages":1}
{"allowProtoMethodsByDefault":true,"allowProtoPropertiesByDefault":true,"cartId":"64c695a6bd82a7d1c578f4cd","cartQuantity":0,"hasNextPage":false,"hasPrevPage":false,"level":"info","message":"Productos agregados con exito Bienvenido usuario tester tester!","nextLink":null,"nextPage":null,"page":1,"prevLink":null,"prevPage":null,"products":[],"timestamp":"2023-07-30T16:54:10.673Z","title":"Lista de Productos","totalPages":1}
{"level":"info","message":"GET /api/login/logout?","timestamp":"2023-07-30T16:54:15.568Z"}
{"level":"info","message":"GET /api/login","timestamp":"2023-07-30T16:54:16.295Z"}
{"level":"info","message":"GET /api/login","timestamp":"2023-07-30T16:55:42.976Z"}
{"level":"info","message":"POST /api/login","timestamp":"2023-07-30T16:55:47.576Z"}
{"_id":"64c695a6bd82a7d1c578f4cf","cartId":"64c695a6bd82a7d1c578f4cd","email":"tester@hotmail.com","first_name":"tester","last_name":"tester","level":"info","message":"sesion iniciada","role":"administrador","timestamp":"2023-07-30T16:55:48.396Z"}
{"level":"info","message":"GET /api/dbProducts?limit=9","timestamp":"2023-07-30T16:55:50.680Z"}
{"allowProtoMethodsByDefault":true,"allowProtoPropertiesByDefault":true,"cartId":"64c695a6bd82a7d1c578f4cd","cartQuantity":0,"hasNextPage":false,"hasPrevPage":false,"level":"debug","message":"Productos encontrados:  Bienvenido administrador tester tester!","nextLink":null,"nextPage":null,"page":1,"prevLink":null,"prevPage":null,"products":[],"timestamp":"2023-07-30T16:55:51.648Z","title":"Lista de Productos","totalPages":1}
{"allowProtoMethodsByDefault":true,"allowProtoPropertiesByDefault":true,"cartId":"64c695a6bd82a7d1c578f4cd","cartQuantity":0,"hasNextPage":false,"hasPrevPage":false,"level":"info","message":"Productos agregados con exito Bienvenido administrador tester tester!","nextLink":null,"nextPage":null,"page":1,"prevLink":null,"prevPage":null,"products":[],"timestamp":"2023-07-30T16:55:51.648Z","title":"Lista de Productos","totalPages":1}
{"level":"info","message":"GET /api/login/logout?","timestamp":"2023-07-30T16:55:55.291Z"}
{"level":"info","message":"GET /api/login","timestamp":"2023-07-30T16:55:56.073Z"}
{"level":"info","message":"POST /api/login","timestamp":"2023-07-30T16:56:05.790Z"}
{"level":"info","message":"POST /api/login","timestamp":"2023-07-30T16:57:52.047Z"}
{"level":"info","message":"POST /api/login","timestamp":"2023-07-30T17:01:51.318Z"}
{"level":"info","message":"POST /api/login","timestamp":"2023-07-30T17:04:37.838Z"}
{"level":"info","message":"POST /api/login","timestamp":"2023-07-30T17:05:24.947Z"}
{"level":"info","message":"POST /api/login","timestamp":"2023-07-30T17:07:10.929Z"}
{"level":"info","message":"GET /api-docs","timestamp":"2023-07-30T17:25:55.747Z"}
{"level":"info","message":"GET /api-docs/","timestamp":"2023-07-30T17:25:56.021Z"}
{"level":"info","message":"GET /api-docs/swagger-ui.css","timestamp":"2023-07-30T17:25:56.323Z"}
{"level":"info","message":"GET /api-docs/swagger-ui-bundle.js","timestamp":"2023-07-30T17:25:56.328Z"}
{"level":"info","message":"GET /api-docs/swagger-ui-standalone-preset.js","timestamp":"2023-07-30T17:25:56.333Z"}
{"level":"info","message":"GET /api-docs/swagger-ui-init.js","timestamp":"2023-07-30T17:25:56.336Z"}
{"level":"info","message":"GET /api-docs/favicon-32x32.png","timestamp":"2023-07-30T17:25:58.626Z"}
{"level":"info","message":"POST /api/dbCarts","timestamp":"2023-07-30T17:26:08.476Z"}
{"level":"info","message":"POST /api/login","timestamp":"2023-07-30T17:34:45.788Z"}
{"level":"info","message":"POST /api/login","timestamp":"2023-07-30T17:37:48.730Z"}
{"level":"info","message":"GET /","timestamp":"2023-07-30T17:40:19.196Z"}
{"level":"info","message":"POST /api/login","timestamp":"2023-07-30T17:40:44.350Z"}
{"level":"info","message":"POST /api/login","timestamp":"2023-07-30T17:47:14.903Z"}
{"level":"info","message":"GET /api/sessions/current","timestamp":"2023-07-30T17:49:49.670Z"}
{"level":"info","message":"GET /api/sessions/current","timestamp":"2023-07-30T17:49:51.599Z"}
{"level":"info","message":"GET /api/sessions/current","timestamp":"2023-07-30T17:49:53.620Z"}
{"level":"info","message":"GET /api/login","timestamp":"2023-07-30T17:50:27.653Z"}
{"level":"info","message":"GET /js/login.js","timestamp":"2023-07-30T17:50:27.977Z"}
{"level":"info","message":"POST /api/login","timestamp":"2023-07-30T17:50:30.874Z"}
{"_id":"64963911d881bb766bb34122","cartId":"64963910d881bb766bb34120","email":"asd@hotmail.com","first_name":"asd","last_name":"asd","level":"info","message":"sesion iniciada","role":"usuario","timestamp":"2023-07-30T17:50:31.979Z"}
{"level":"info","message":"GET /api/dbProducts?limit=9","timestamp":"2023-07-30T17:50:34.050Z"}
{"allowProtoMethodsByDefault":true,"allowProtoPropertiesByDefault":true,"cartId":"64963910d881bb766bb34120","cartQuantity":0,"hasNextPage":false,"hasPrevPage":false,"level":"debug","message":"Productos encontrados:  Bienvenido usuario asd asd!","nextLink":null,"nextPage":null,"page":1,"prevLink":null,"prevPage":null,"products":[],"timestamp":"2023-07-30T17:50:35.307Z","title":"Lista de Productos","totalPages":1}
{"allowProtoMethodsByDefault":true,"allowProtoPropertiesByDefault":true,"cartId":"64963910d881bb766bb34120","cartQuantity":0,"hasNextPage":false,"hasPrevPage":false,"level":"info","message":"Productos agregados con exito Bienvenido usuario asd asd!","nextLink":null,"nextPage":null,"page":1,"prevLink":null,"prevPage":null,"products":[],"timestamp":"2023-07-30T17:50:35.308Z","title":"Lista de Productos","totalPages":1}
{"level":"info","message":"GET /api/login/logout?","timestamp":"2023-07-30T17:50:36.601Z"}
{"level":"info","message":"GET /api/login","timestamp":"2023-07-30T17:50:37.348Z"}
{"level":"info","message":"GET /js/login.js","timestamp":"2023-07-30T17:50:37.630Z"}
{"level":"info","message":"GET /api/sessions/current","timestamp":"2023-07-30T17:51:58.738Z"}
{"level":"info","message":"GET /api/sessions/current","timestamp":"2023-07-30T17:52:00.739Z"}
{"level":"info","message":"GET /api/sessions/current","timestamp":"2023-07-30T17:52:02.747Z"}
{"level":"info","message":"GET /api/sessions/current","timestamp":"2023-07-30T17:57:12.635Z"}
{"level":"info","message":"GET /api/sessions/current","timestamp":"2023-07-30T17:57:14.641Z"}
{"level":"info","message":"GET /api/sessions/current","timestamp":"2023-07-30T17:57:16.652Z"}
{"level":"info","message":"GET /api/login/api/sessions/current","timestamp":"2023-07-30T17:58:06.477Z"}
{"level":"info","message":"GET /api/login/api/sessions/current","timestamp":"2023-07-30T17:58:06.497Z"}
{"level":"info","message":"GET /api/login/api/sessions/current","timestamp":"2023-07-30T17:58:06.543Z"}
{"level":"info","message":"POST /api/login/api/login","timestamp":"2023-07-30T17:58:57.692Z"}
{"level":"info","message":"GET /api/login/api/sessions/current","timestamp":"2023-07-30T17:59:24.926Z"}
{"level":"info","message":"GET /api/login/api/sessions/current","timestamp":"2023-07-30T17:59:24.969Z"}
{"level":"info","message":"GET /api/login/api/sessions/current","timestamp":"2023-07-30T17:59:24.983Z"}
{"level":"info","message":"GET /api/login/api/sessions/current","timestamp":"2023-07-30T18:00:05.756Z"}
{"level":"info","message":"GET /api/login/api/sessions/current","timestamp":"2023-07-30T18:00:05.782Z"}
{"level":"info","message":"GET /api/login/api/sessions/current","timestamp":"2023-07-30T18:00:05.789Z"}
{"level":"info","message":"POST /api/login/api/login","timestamp":"2023-07-30T18:03:44.658Z"}
{"level":"info","message":"POST /api/login","timestamp":"2023-07-30T18:04:10.281Z"}
{"level":"info","message":"POST /api/login","timestamp":"2023-07-30T18:06:30.132Z"}
{"level":"info","message":"GET /api/login","timestamp":"2023-08-03T18:41:07.606Z"}
{"level":"info","message":"GET /js/login.js","timestamp":"2023-08-03T18:41:07.736Z"}
{"level":"info","message":"GET /favicon.ico","timestamp":"2023-08-03T18:41:07.883Z"}
{"level":"info","message":"POST /api/login","timestamp":"2023-08-03T18:41:10.811Z"}
{"_id":"64963911d881bb766bb34122","cartId":"64963910d881bb766bb34120","email":"asd@hotmail.com","first_name":"asd","last_name":"asd","level":"info","message":"sesion iniciada","role":"usuario","timestamp":"2023-08-03T18:41:12.236Z"}
{"level":"info","message":"GET /api/dbProducts?limit=9","timestamp":"2023-08-03T18:41:14.319Z"}
{"allowProtoMethodsByDefault":true,"allowProtoPropertiesByDefault":true,"cartId":"64963910d881bb766bb34120","cartQuantity":0,"hasNextPage":false,"hasPrevPage":false,"level":"debug","message":"Productos encontrados:  Bienvenido usuario asd asd!","nextLink":null,"nextPage":null,"page":1,"prevLink":null,"prevPage":null,"products":[],"timestamp":"2023-08-03T18:41:15.562Z","title":"Lista de Productos","totalPages":1}
{"allowProtoMethodsByDefault":true,"allowProtoPropertiesByDefault":true,"cartId":"64963910d881bb766bb34120","cartQuantity":0,"hasNextPage":false,"hasPrevPage":false,"level":"info","message":"Productos agregados con exito Bienvenido usuario asd asd!","nextLink":null,"nextPage":null,"page":1,"prevLink":null,"prevPage":null,"products":[],"timestamp":"2023-08-03T18:41:15.562Z","title":"Lista de Productos","totalPages":1}
{"level":"info","message":"GET /api/dbCarts/64963910d881bb766bb34120?","timestamp":"2023-08-03T18:42:03.694Z"}
{"level":"info","message":"GET /api/messages?","timestamp":"2023-08-03T18:42:06.810Z"}
{"level":"info","message":"GET /api/messages","timestamp":"2023-08-03T18:42:24.498Z"}
{"level":"info","message":"GET /api/login/logout?","timestamp":"2023-08-03T18:42:29.389Z"}
{"level":"info","message":"GET /api/login","timestamp":"2023-08-03T18:47:32.240Z"}
{"level":"info","message":"GET /js/login.js","timestamp":"2023-08-03T18:47:32.520Z"}
{"level":"info","message":"POST /api/login","timestamp":"2023-08-03T18:47:37.844Z"}
{"_id":"64963911d881bb766bb34122","cartId":"64963910d881bb766bb34120","email":"asd@hotmail.com","first_name":"asd","last_name":"asd","level":"info","message":"sesion iniciada","role":"usuario","timestamp":"2023-08-03T18:47:39.198Z"}
{"level":"info","message":"GET /api/dbProducts?limit=9","timestamp":"2023-08-03T18:47:41.250Z"}
{"allowProtoMethodsByDefault":true,"allowProtoPropertiesByDefault":true,"cartId":"64963910d881bb766bb34120","cartQuantity":0,"hasNextPage":false,"hasPrevPage":false,"level":"debug","message":"Productos encontrados:  Bienvenido usuario asd asd!","nextLink":null,"nextPage":null,"page":1,"prevLink":null,"prevPage":null,"products":[],"timestamp":"2023-08-03T18:47:42.429Z","title":"Lista de Productos","totalPages":1}
{"allowProtoMethodsByDefault":true,"allowProtoPropertiesByDefault":true,"cartId":"64963910d881bb766bb34120","cartQuantity":0,"hasNextPage":false,"hasPrevPage":false,"level":"info","message":"Productos agregados con exito Bienvenido usuario asd asd!","nextLink":null,"nextPage":null,"page":1,"prevLink":null,"prevPage":null,"products":[],"timestamp":"2023-08-03T18:47:42.429Z","title":"Lista de Productos","totalPages":1}
{"level":"info","message":"GET /api/login/logout?","timestamp":"2023-08-03T18:47:44.153Z"}
{"level":"info","message":"GET /api/login","timestamp":"2023-08-03T18:47:45.111Z"}
{"level":"info","message":"GET /js/login.js","timestamp":"2023-08-03T18:47:45.379Z"}
{"level":"info","message":"GET /api/login","timestamp":"2023-08-03T18:50:12.936Z"}
{"level":"info","message":"GET /js/login.js","timestamp":"2023-08-03T18:50:13.263Z"}
{"level":"info","message":"POST /api/login","timestamp":"2023-08-03T18:50:16.675Z"}
{"level":"info","message":"GET /api/login/faillogin","timestamp":"2023-08-03T18:50:17.271Z"}
{"level":"error","message":"Error al iniciar sesion","timestamp":"2023-08-03T18:50:17.513Z"}
{"level":"info","message":"GET /api/register","timestamp":"2023-08-03T18:50:19.225Z"}
{"level":"info","message":"GET /js/signup.js","timestamp":"2023-08-03T18:50:19.527Z"}
{"level":"info","message":"POST /api/register","timestamp":"2023-08-03T18:50:26.893Z"}
{"$__":{"$versionError":null,"activePaths":{"paths":{},"states":{"default":{},"modify":{}}},"backup":{"activePaths":{"default":{"_id":true,"document":true},"modify":{"age":true,"cartId":true,"email":true,"first_name":true,"last_name":true,"password":true,"role":true}},"validationError":null},"cachedRequired":{},"inserting":true,"op":null,"saveOptions":null,"savedState":{},"saving":null,"validating":null},"$isNew":false,"_doc":{"__v":0,"_id":"64cbf6f3ea7063cb39953817","age":22,"cartId":"64cbf6f3ea7063cb39953815","document":[],"email":"asd@hotmail.com","first_name":"asd","last_name":"asd","password":"$2b$10$cym.FZQEKqe/dZT0SUd.P.m7qEqxkTAaRMvBquP78l.SBMus9bqTi","role":"usuario"},"level":"info","message":"Se registro un nuevo usuario","timestamp":"2023-08-03T18:50:28.589Z"}
{"level":"info","message":"GET /api/login","timestamp":"2023-08-03T18:50:30.639Z"}
{"level":"info","message":"GET /js/login.js","timestamp":"2023-08-03T18:50:31.200Z"}
{"level":"info","message":"GET /api/register","timestamp":"2023-08-03T18:50:34.938Z"}
{"level":"info","message":"GET /js/signup.js","timestamp":"2023-08-03T18:50:35.478Z"}
{"level":"info","message":"POST /api/register","timestamp":"2023-08-03T18:50:41.244Z"}
{"level":"info","message":"GET /api/register/failregister","timestamp":"2023-08-03T18:50:41.985Z"}
{"level":"error","message":"El mail no esta disponible","timestamp":"2023-08-03T18:50:43.663Z"}
{"level":"info","message":"POST /api/login","timestamp":"2023-08-03T18:50:57.092Z"}
{"level":"info","message":"GET /api/login/faillogin","timestamp":"2023-08-03T18:50:57.950Z"}
{"level":"error","message":"Error al iniciar sesion","timestamp":"2023-08-03T18:50:58.435Z"}
{"level":"info","message":"POST /api/login","timestamp":"2023-08-03T18:51:00.827Z"}
{"_id":"64cbf6f3ea7063cb39953817","cartId":"64cbf6f3ea7063cb39953815","email":"asd@hotmail.com","first_name":"asd","last_name":"asd","level":"info","message":"sesion iniciada","role":"usuario","timestamp":"2023-08-03T18:51:02.406Z"}
{"level":"info","message":"GET /api/dbProducts?limit=9","timestamp":"2023-08-03T18:51:04.481Z"}
{"allowProtoMethodsByDefault":true,"allowProtoPropertiesByDefault":true,"cartId":"64cbf6f3ea7063cb39953815","cartQuantity":0,"hasNextPage":false,"hasPrevPage":false,"level":"debug","message":"Productos encontrados:  Bienvenido usuario asd asd!","nextLink":null,"nextPage":null,"page":1,"prevLink":null,"prevPage":null,"products":[],"timestamp":"2023-08-03T18:51:05.711Z","title":"Lista de Productos","totalPages":1}
{"allowProtoMethodsByDefault":true,"allowProtoPropertiesByDefault":true,"cartId":"64cbf6f3ea7063cb39953815","cartQuantity":0,"hasNextPage":false,"hasPrevPage":false,"level":"info","message":"Productos agregados con exito Bienvenido usuario asd asd!","nextLink":null,"nextPage":null,"page":1,"prevLink":null,"prevPage":null,"products":[],"timestamp":"2023-08-03T18:51:05.712Z","title":"Lista de Productos","totalPages":1}
{"level":"info","message":"GET /api/login/logout?","timestamp":"2023-08-03T18:51:12.165Z"}
{"level":"info","message":"GET /api/login","timestamp":"2023-08-03T18:51:13.156Z"}
{"level":"info","message":"GET /js/login.js","timestamp":"2023-08-03T18:51:13.453Z"}
{"level":"info","message":"POST /api/users/64cbf6f3ea7063cb39953817/documents","timestamp":"2023-08-03T20:30:42.540Z"}
{"level":"info","message":"POST /api/users/64cbf6f3ea7063cb39953817/documents","timestamp":"2023-08-03T20:31:30.098Z"}
{"level":"info","message":"POST /api/users/64cbf6f3ea7063cb39953817/documents/profile","timestamp":"2023-08-03T20:32:55.285Z"}
{"level":"info","message":"POST /api/users/64cbf6f3ea7063cb39953817/documents/profiles","timestamp":"2023-08-03T20:33:09.159Z"}
{"level":"info","message":"POST /api/users/64cbf6f3ea7063cb39953817/profiles","timestamp":"2023-08-03T20:34:12.114Z"}
{"level":"info","message":"POST /api/users/64cbf6f3ea7063cb39953817/profiles","timestamp":"2023-08-03T20:34:25.411Z"}
{"level":"info","message":"POST /api/users/64cbf6f3ea7063cb39953817/profiles","timestamp":"2023-08-03T20:34:35.425Z"}
{"level":"info","message":"POST /api/users/64cbf6f3ea7063cb39953817/documents","timestamp":"2023-08-05T14:19:28.708Z"}
{"level":"info","message":"POST /api/users/64cbf6f3ea7063cb39953817/documents","timestamp":"2023-08-05T14:21:16.359Z"}
{"level":"info","message":"GET /api/login","timestamp":"2023-08-05T14:34:39.603Z"}
{"level":"info","message":"GET /js/login.js","timestamp":"2023-08-05T14:34:39.664Z"}
{"level":"info","message":"GET /favicon.ico","timestamp":"2023-08-05T14:34:39.872Z"}
{"level":"info","message":"POST /api/login","timestamp":"2023-08-05T14:34:43.508Z"}
{"_id":"64cbf6f3ea7063cb39953817","cartId":"64cbf6f3ea7063cb39953815","email":"asd@hotmail.com","first_name":"asd","last_name":"asd","level":"info","message":"sesion iniciada","role":"usuario","timestamp":"2023-08-05T14:34:44.840Z"}
{"level":"info","message":"GET /api/dbProducts?limit=9","timestamp":"2023-08-05T14:34:46.945Z"}
{"allowProtoMethodsByDefault":true,"allowProtoPropertiesByDefault":true,"cartId":"64cbf6f3ea7063cb39953815","cartQuantity":0,"hasNextPage":false,"hasPrevPage":false,"level":"debug","message":"Productos encontrados:  Bienvenido usuario asd asd!","nextLink":null,"nextPage":null,"page":1,"prevLink":null,"prevPage":null,"products":[],"timestamp":"2023-08-05T14:34:48.179Z","title":"Lista de Productos","totalPages":1}
{"allowProtoMethodsByDefault":true,"allowProtoPropertiesByDefault":true,"cartId":"64cbf6f3ea7063cb39953815","cartQuantity":0,"hasNextPage":false,"hasPrevPage":false,"level":"info","message":"Productos agregados con exito Bienvenido usuario asd asd!","nextLink":null,"nextPage":null,"page":1,"prevLink":null,"prevPage":null,"products":[],"timestamp":"2023-08-05T14:34:48.180Z","title":"Lista de Productos","totalPages":1}
{"level":"info","message":"GET /api/messages?","timestamp":"2023-08-05T14:34:50.242Z"}
{"level":"info","message":"GET /api/dbCarts/64cbf6f3ea7063cb39953815?","timestamp":"2023-08-05T14:35:02.761Z"}
{"cartId":"64cbf6f3ea7063cb39953815","level":"info","message":"Carrito especifico: ","timestamp":"2023-08-05T14:35:03.502Z"}
{"level":"info","message":"GET /api/dbProducts?","timestamp":"2023-08-05T14:35:05.793Z"}
{"allowProtoMethodsByDefault":true,"allowProtoPropertiesByDefault":true,"cartId":"64cbf6f3ea7063cb39953815","cartQuantity":0,"hasNextPage":false,"hasPrevPage":false,"level":"debug","message":"Productos encontrados:  Bienvenido usuario asd asd!","nextLink":null,"nextPage":null,"page":1,"prevLink":null,"prevPage":null,"products":[],"timestamp":"2023-08-05T14:35:07.010Z","title":"Lista de Productos","totalPages":1}
{"allowProtoMethodsByDefault":true,"allowProtoPropertiesByDefault":true,"cartId":"64cbf6f3ea7063cb39953815","cartQuantity":0,"hasNextPage":false,"hasPrevPage":false,"level":"info","message":"Productos agregados con exito Bienvenido usuario asd asd!","nextLink":null,"nextPage":null,"page":1,"prevLink":null,"prevPage":null,"products":[],"timestamp":"2023-08-05T14:35:07.010Z","title":"Lista de Productos","totalPages":1}
{"level":"info","message":"GET /api/dbCarts/64cbf6f3ea7063cb39953815?","timestamp":"2023-08-05T14:35:10.233Z"}
{"cartId":"64cbf6f3ea7063cb39953815","level":"info","message":"Carrito especifico: ","timestamp":"2023-08-05T14:35:10.966Z"}
{"level":"info","message":"GET /api/dbCarts/64cbf6f3ea7063cb39953815/purchase","timestamp":"2023-08-05T14:35:15.193Z"}
{"$__":{"$versionError":null,"activePaths":{"paths":{},"states":{"default":{},"modify":{}}},"backup":{"activePaths":{"default":{"_id":true},"modify":{"amount":true,"code":true,"processProducts":true,"purchase_datetime":true,"purchaser":true}},"validationError":null},"cachedRequired":{},"inserting":true,"op":null,"pathsToScopes":{"processProducts":{"__v":0,"_id":"64ce5e2455f6c2a8de3f939b","amount":0,"code":"a23373d1-a928-466b-855c-6722c102b4eb","processProducts":[],"purchase_datetime":"2023-08-05T14:35:16.160Z","purchaser":"asd@hotmail.com"}},"saveOptions":null,"savedState":{},"saving":null,"validating":null},"$isNew":false,"_doc":{"__v":0,"_id":"64ce5e2455f6c2a8de3f939b","amount":0,"code":"a23373d1-a928-466b-855c-6722c102b4eb","processProducts":[],"purchase_datetime":"2023-08-05T14:35:16.160Z","purchaser":"asd@hotmail.com"},"level":"info","message":"Ticket con los productos procesados","timestamp":"2023-08-05T14:35:16.415Z"}
{"$__":{"$versionError":null,"activePaths":{"paths":{"__v":"init","_id":"init","productos":"init"},"states":{"init":{"__v":true,"_id":true,"productos":true}}},"cachedRequired":{},"inserting":false,"op":null,"saveOptions":null,"savedState":{},"saving":null,"skipId":true,"validating":null,"validationError":null},"$isNew":false,"_doc":{"__v":0,"_id":"64cbf6f3ea7063cb39953815","productos":[]},"level":"info","message":"Compra realizada con exito!","timestamp":"2023-08-05T14:35:16.416Z"}
{"level":"info","message":"GET /api/dbProducts?","timestamp":"2023-08-05T14:35:22.651Z"}
{"allowProtoMethodsByDefault":true,"allowProtoPropertiesByDefault":true,"cartId":"64cbf6f3ea7063cb39953815","cartQuantity":0,"hasNextPage":false,"hasPrevPage":false,"level":"debug","message":"Productos encontrados:  Bienvenido usuario asd asd!","nextLink":null,"nextPage":null,"page":1,"prevLink":null,"prevPage":null,"products":[],"timestamp":"2023-08-05T14:35:23.865Z","title":"Lista de Productos","totalPages":1}
{"allowProtoMethodsByDefault":true,"allowProtoPropertiesByDefault":true,"cartId":"64cbf6f3ea7063cb39953815","cartQuantity":0,"hasNextPage":false,"hasPrevPage":false,"level":"info","message":"Productos agregados con exito Bienvenido usuario asd asd!","nextLink":null,"nextPage":null,"page":1,"prevLink":null,"prevPage":null,"products":[],"timestamp":"2023-08-05T14:35:23.865Z","title":"Lista de Productos","totalPages":1}
{"level":"info","message":"GET /api/dbCarts/64cbf6f3ea7063cb39953815?","timestamp":"2023-08-05T14:35:27.987Z"}
{"cartId":"64cbf6f3ea7063cb39953815","level":"info","message":"Carrito especifico: ","timestamp":"2023-08-05T14:35:28.722Z"}
{"level":"info","message":"GET /api/login/logout?","timestamp":"2023-08-05T14:36:44.551Z"}
{"level":"info","message":"GET /api/login","timestamp":"2023-08-05T14:42:08.942Z"}
{"level":"info","message":"GET /js/login.js","timestamp":"2023-08-05T14:42:09.266Z"}
{"level":"info","message":"POST /api/login","timestamp":"2023-08-05T14:42:12.759Z"}
{"_id":"64cbf6f3ea7063cb39953817","cartId":"64cbf6f3ea7063cb39953815","email":"asd@hotmail.com","first_name":"asd","last_name":"asd","level":"info","message":"sesion iniciada","role":"usuario","timestamp":"2023-08-05T14:42:14.140Z"}
{"level":"info","message":"GET /api/dbProducts?limit=9","timestamp":"2023-08-05T14:42:16.212Z"}
{"allowProtoMethodsByDefault":true,"allowProtoPropertiesByDefault":true,"cartId":"64cbf6f3ea7063cb39953815","cartQuantity":0,"hasNextPage":false,"hasPrevPage":false,"level":"debug","message":"Productos encontrados:  Bienvenido usuario asd asd!","nextLink":null,"nextPage":null,"page":1,"prevLink":null,"prevPage":null,"products":[],"timestamp":"2023-08-05T14:42:17.411Z","title":"Lista de Productos","totalPages":1}
{"allowProtoMethodsByDefault":true,"allowProtoPropertiesByDefault":true,"cartId":"64cbf6f3ea7063cb39953815","cartQuantity":0,"hasNextPage":false,"hasPrevPage":false,"level":"info","message":"Productos agregados con exito Bienvenido usuario asd asd!","nextLink":null,"nextPage":null,"page":1,"prevLink":null,"prevPage":null,"products":[],"timestamp":"2023-08-05T14:42:17.411Z","title":"Lista de Productos","totalPages":1}
{"level":"info","message":"GET /api/login/logout?","timestamp":"2023-08-05T14:42:48.259Z"}
{"level":"info","message":"GET /api/login","timestamp":"2023-08-05T14:42:48.756Z"}
{"level":"info","message":"GET /js/login.js","timestamp":"2023-08-05T14:42:49.057Z"}
